<?xml version="1.0" encoding="UTF-8"?>
<testng-results ignored="0" total="2" passed="2" failed="0" skipped="0">
  <reporter-output>
  </reporter-output>
  <suite started-at="2022-11-04T14:27:48 CET" name="Suite" finished-at="2022-11-04T14:28:10 CET" duration-ms="21759">
    <groups>
    </groups>
    <test started-at="2022-11-04T14:27:48 CET" name="Test" finished-at="2022-11-04T14:28:07 CET" duration-ms="18624">
      <class name="uk.co.automationstesting.AddRemoveItemBasketTest">
        <test-method is-config="true" signature="setup()[pri:0, instance:uk.co.automationstesting.AddRemoveItemBasketTest@793be5ca]" started-at="2022-11-04T14:27:48 CET" name="setup" finished-at="2022-11-04T14:27:55 CET" duration-ms="6603" status="PASS">
          <reporter-output>
          </reporter-output>
        </test-method> <!-- setup -->
        <test-method signature="AddRemoveItem()[pri:0, instance:uk.co.automationstesting.AddRemoveItemBasketTest@793be5ca]" started-at="2022-11-04T14:27:55 CET" name="AddRemoveItem" finished-at="2022-11-04T14:28:06 CET" duration-ms="11501" status="PASS">
          <reporter-output>
          </reporter-output>
        </test-method> <!-- AddRemoveItem -->
        <test-method is-config="true" signature="tearDown()[pri:0, instance:uk.co.automationstesting.AddRemoveItemBasketTest@793be5ca]" started-at="2022-11-04T14:28:06 CET" name="tearDown" finished-at="2022-11-04T14:28:07 CET" duration-ms="446" status="PASS">
          <reporter-output>
          </reporter-output>
        </test-method> <!-- tearDown -->
      </class> <!-- uk.co.automationstesting.AddRemoveItemBasketTest -->
    </test> <!-- Test -->
    <test started-at="2022-11-04T14:27:48 CET" name="Test2" finished-at="2022-11-04T14:28:10 CET" duration-ms="21759">
      <class name="uk.co.automationstesting.OrderCompleteTest">
        <test-method is-config="true" signature="setup()[pri:0, instance:uk.co.automationstesting.OrderCompleteTest@611889f4]" started-at="2022-11-04T14:27:48 CET" name="setup" finished-at="2022-11-04T14:27:55 CET" duration-ms="6645" status="PASS">
          <reporter-output>
          </reporter-output>
        </test-method> <!-- setup -->
        <test-method signature="endToEndTest()[pri:0, instance:uk.co.automationstesting.OrderCompleteTest@611889f4]" started-at="2022-11-04T14:27:55 CET" name="endToEndTest" finished-at="2022-11-04T14:28:09 CET" duration-ms="14792" status="PASS">
          <reporter-output>
          </reporter-output>
        </test-method> <!-- endToEndTest -->
        <test-method is-config="true" signature="tearDown()[pri:0, instance:uk.co.automationstesting.OrderCompleteTest@611889f4]" started-at="2022-11-04T14:28:09 CET" name="tearDown" finished-at="2022-11-04T14:28:10 CET" duration-ms="289" status="PASS">
          <reporter-output>
          </reporter-output>
        </test-method> <!-- tearDown -->
      </class> <!-- uk.co.automationstesting.OrderCompleteTest -->
    </test> <!-- Test2 -->
  </suite> <!-- Suite -->
</testng-results>
